# JRE version: Java(TM) SE Runtime Environment (8.0_31-b13) (build 1.8.0_31-b13)
# Java VM: Java HotSpot(TM) 64-Bit Server VM (25.31-b07 mixed mode windows-amd64 compressed oops)
Heap:
 PSYoungGen      total 134144K, used 134065K [0x0000000780980000, 0x000000078a180000, 0x00000007c0000000)
  eden space 124928K, 100% used [0x0000000780980000,0x0000000788380000,0x0000000788380000)
  from space 9216K, 99% used [0x0000000789880000,0x000000078a16c510,0x000000078a180000)
  to   space 15360K, 0% used [0x0000000788380000,0x0000000788380000,0x0000000789280000)
 ParOldGen       total 147968K, used 18144K [0x0000000701c00000, 0x000000070ac80000, 0x0000000780980000)
  object space 147968K, 12% used [0x0000000701c00000,0x0000000702db8280,0x000000070ac80000)
 Metaspace       used 49488K, capacity 51400K, committed 51584K, reserved 1093632K
  class space    used 6874K, capacity 7219K, committed 7296K, reserved 1048576K
GC Heap History (10 events):
Event: 5.123 GC heap before
{Heap before GC invocations=6 (full 1):
 PSYoungGen      total 71680K, used 71406K [0x0000000780980000, 0x0000000787380000, 0x00000007c0000000)
  eden space 69632K, 100% used [0x0000000780980000,0x0000000784d80000,0x0000000784d80000)
  from space 2048K, 86% used [0x0000000787180000,0x000000078733bb00,0x0000000787380000)
  to   space 8192K, 0% used [0x0000000786380000,0x0000000786380000,0x0000000786b80000)
 ParOldGen       total 88064K, used 8950K [0x0000000701c00000, 0x0000000707200000, 0x0000000780980000)
  object space 88064K, 10% used [0x0000000701c00000,0x00000007024bd988,0x0000000707200000)
 Metaspace       used 24816K, capacity 25798K, committed 25984K, reserved 1071104K
  class space    used 3408K, capacity 3642K, committed 3712K, reserved 1048576K
Event: 5.134 GC heap after
Heap after GC invocations=6 (full 1):
 PSYoungGen      total 100352K, used 7925K [0x0000000780980000, 0x0000000787e80000, 0x00000007c0000000)
  eden space 92160K, 0% used [0x0000000780980000,0x0000000780980000,0x0000000786380000)
  from space 8192K, 96% used [0x0000000786380000,0x0000000786b3d680,0x0000000786b80000)
  to   space 11776K, 0% used [0x0000000787300000,0x0000000787300000,0x0000000787e80000)
 ParOldGen       total 88064K, used 8958K [0x0000000701c00000, 0x0000000707200000, 0x0000000780980000)
  object space 88064K, 10% used [0x0000000701c00000,0x00000007024bf988,0x0000000707200000)
 Metaspace       used 24816K, capacity 25798K, committed 25984K, reserved 1071104K
  class space    used 3408K, capacity 3642K, committed 3712K, reserved 1048576K
}
Event: 7.127 GC heap before
{Heap before GC invocations=7 (full 1):
 PSYoungGen      total 100352K, used 100085K [0x0000000780980000, 0x0000000787e80000, 0x00000007c0000000)
  eden space 92160K, 100% used [0x0000000780980000,0x0000000786380000,0x0000000786380000)
  from space 8192K, 96% used [0x0000000786380000,0x0000000786b3d680,0x0000000786b80000)
  to   space 11776K, 0% used [0x0000000787300000,0x0000000787300000,0x0000000787e80000)
 ParOldGen       total 88064K, used 8958K [0x0000000701c00000, 0x0000000707200000, 0x0000000780980000)
  object space 88064K, 10% used [0x0000000701c00000,0x00000007024bf988,0x0000000707200000)
 Metaspace       used 30866K, capacity 32424K, committed 32768K, reserved 1077248K
  class space    used 4208K, capacity 4513K, committed 4608K, reserved 1048576K
Event: 7.146 GC heap after
Heap after GC invocations=7 (full 1):
 PSYoungGen      total 105472K, used 11767K [0x0000000780980000, 0x0000000789f80000, 0x00000007c0000000)
  eden space 93696K, 0% used [0x0000000780980000,0x0000000780980000,0x0000000786500000)
  from space 11776K, 99% used [0x0000000787300000,0x0000000787e7dd38,0x0000000787e80000)
  to   space 14336K, 0% used [0x0000000786500000,0x0000000786500000,0x0000000787300000)
 ParOldGen       total 88064K, used 9772K [0x0000000701c00000, 0x0000000707200000, 0x0000000780980000)
  object space 88064K, 11% used [0x0000000701c00000,0x000000070258b300,0x0000000707200000)
 Metaspace       used 30866K, capacity 32424K, committed 32768K, reserved 1077248K
  class space    used 4208K, capacity 4513K, committed 4608K, reserved 1048576K
}
Event: 7.957 GC heap before
{Heap before GC invocations=8 (full 1):
 PSYoungGen      total 105472K, used 102679K [0x0000000780980000, 0x0000000789f80000, 0x00000007c0000000)
  eden space 93696K, 97% used [0x0000000780980000,0x0000000786247fe8,0x0000000786500000)
  from space 11776K, 99% used [0x0000000787300000,0x0000000787e7dd38,0x0000000787e80000)
  to   space 14336K, 0% used [0x0000000786500000,0x0000000786500000,0x0000000787300000)
 ParOldGen       total 88064K, used 9772K [0x0000000701c00000, 0x0000000707200000, 0x0000000780980000)
  object space 88064K, 11% used [0x0000000701c00000,0x000000070258b300,0x0000000707200000)
 Metaspace       used 33841K, capacity 35426K, committed 35496K, reserved 1079296K
  class space    used 4530K, capacity 4838K, committed 4864K, reserved 1048576K
Event: 7.975 GC heap after
Heap after GC invocations=8 (full 1):
 PSYoungGen      total 108032K, used 12943K [0x0000000780980000, 0x000000078a800000, 0x00000007c0000000)
  eden space 93696K, 0% used [0x0000000780980000,0x0000000780980000,0x0000000786500000)
  from space 14336K, 90% used [0x0000000786500000,0x00000007871a3ee8,0x0000000787300000)
  to   space 15872K, 0% used [0x0000000789880000,0x0000000789880000,0x000000078a800000)
 ParOldGen       total 88064K, used 9780K [0x0000000701c00000, 0x0000000707200000, 0x0000000780980000)
  object space 88064K, 11% used [0x0000000701c00000,0x000000070258d300,0x0000000707200000)
 Metaspace       used 33841K, capacity 35426K, committed 35496K, reserved 1079296K
  class space    used 4530K, capacity 4838K, committed 4864K, reserved 1048576K
}
Event: 7.975 GC heap before
{Heap before GC invocations=9 (full 2):
 PSYoungGen      total 108032K, used 12943K [0x0000000780980000, 0x000000078a800000, 0x00000007c0000000)
  eden space 93696K, 0% used [0x0000000780980000,0x0000000780980000,0x0000000786500000)
  from space 14336K, 90% used [0x0000000786500000,0x00000007871a3ee8,0x0000000787300000)
  to   space 15872K, 0% used [0x0000000789880000,0x0000000789880000,0x000000078a800000)
 ParOldGen       total 88064K, used 9780K [0x0000000701c00000, 0x0000000707200000, 0x0000000780980000)
  object space 88064K, 11% used [0x0000000701c00000,0x000000070258d300,0x0000000707200000)
 Metaspace       used 33841K, capacity 35426K, committed 35496K, reserved 1079296K
  class space    used 4530K, capacity 4838K, committed 4864K, reserved 1048576K
Event: 8.123 GC heap after
Heap after GC invocations=9 (full 2):
 PSYoungGen      total 108032K, used 0K [0x0000000780980000, 0x000000078a800000, 0x00000007c0000000)
  eden space 93696K, 0% used [0x0000000780980000,0x0000000780980000,0x0000000786500000)
  from space 14336K, 0% used [0x0000000786500000,0x0000000786500000,0x0000000787300000)
  to   space 15872K, 0% used [0x0000000789880000,0x0000000789880000,0x000000078a800000)
 ParOldGen       total 147968K, used 18136K [0x0000000701c00000, 0x000000070ac80000, 0x0000000780980000)
  object space 147968K, 12% used [0x0000000701c00000,0x0000000702db6280,0x000000070ac80000)
 Metaspace       used 33841K, capacity 35426K, committed 35496K, reserved 1079296K
  class space    used 4530K, capacity 4838K, committed 4864K, reserved 1048576K
}
Event: 9.447 GC heap before
{Heap before GC invocations=10 (full 2):
 PSYoungGen      total 108032K, used 93696K [0x0000000780980000, 0x000000078a800000, 0x00000007c0000000)
  eden space 93696K, 100% used [0x0000000780980000,0x0000000786500000,0x0000000786500000)
  from space 14336K, 0% used [0x0000000786500000,0x0000000786500000,0x0000000787300000)
  to   space 15872K, 0% used [0x0000000789880000,0x0000000789880000,0x000000078a800000)
 ParOldGen       total 147968K, used 18136K [0x0000000701c00000, 0x000000070ac80000, 0x0000000780980000)
  object space 147968K, 12% used [0x0000000701c00000,0x0000000702db6280,0x000000070ac80000)
 Metaspace       used 41868K, capacity 43642K, committed 44032K, reserved 1087488K
  class space    used 5697K, capacity 6024K, committed 6144K, reserved 1048576K
Event: 9.461 GC heap after
Heap after GC invocations=10 (full 2):
 PSYoungGen      total 134144K, used 9137K [0x0000000780980000, 0x000000078a180000, 0x00000007c0000000)
  eden space 124928K, 0% used [0x0000000780980000,0x0000000780980000,0x0000000788380000)
  from space 9216K, 99% used [0x0000000789880000,0x000000078a16c510,0x000000078a180000)
  to   space 15360K, 0% used [0x0000000788380000,0x0000000788380000,0x0000000789280000)
 ParOldGen       total 147968K, used 18144K [0x0000000701c00000, 0x000000070ac80000, 0x0000000780980000)
  object space 147968K, 12% used [0x0000000701c00000,0x0000000702db8280,0x000000070ac80000)
 Metaspace       used 41868K, capacity 43642K, committed 44032K, reserved 1087488K
  class space    used 5697K, capacity 6024K, committed 6144K, reserved 1048576K
}

